<?xml version="1.0" encoding="UTF-8"?>
<!-- Generated by org.testng.reporters.JUnitXMLReporter -->
<testsuite ignored="0" hostname="LAPTOP-STBADG5P" failures="0" tests="3" name="Test" time="13.551" errors="0" timestamp="2022-07-28T17:10:01 IST">
  <testcase classname="TestClasses.VerifyUserCanLogIn" name="verifyUserCanLogin" time="3.11"/>
  <testcase classname="TestClasses.VerifyUserCanAddNewAddress" name="verifyUserCanGoToProfilePage" time="1.278"/>
  <testcase classname="TestClasses.VerifyUserCanAddNewAddress" name="veryUserCanAddAddress" time="2.539"/>
</testsuite> <!-- Test -->
